# JRE version: Java(TM) SE Runtime Environment (22.0.1+8) (build 22.0.1+8-16)
# Java VM: Java HotSpot(TM) 64-Bit Server VM (22.0.1+8-16, mixed mode, sharing, tiered, compressed oops, compressed class ptrs, g1 gc, linux-amd64)
GC Precious Log:
 CardTable entry size: 512
 Card Set container configuration: InlinePtr #cards 5 size 8 Array Of Cards #cards 12 size 40 Howl #buckets 4 coarsen threshold 1843 Howl Bitmap #cards 512 size 80 coarsen threshold 460 Card regions per heap region 1 cards per card region 2048
 CPUs: 4 total, 4 available
 Memory: 19686M
 Large Page Support: Disabled
 NUMA Support: Disabled
 Compressed Oops: Enabled (32-bit)
 Heap Region Size: 1M
 Heap Min Capacity: 256M
 Heap Initial Capacity: 256M
 Heap Max Capacity: 512M
 Pre-touch: Disabled
 Parallel Workers: 4
 Concurrent Workers: 1
 Concurrent Refinement Workers: 4
 Periodic GC: Disabled
Heap:
 garbage-first heap   total reserved 524288K, committed 289792K, used 239067K [0x00000000e0000000, 0x0000000100000000)
  region size 1024K, 113 young (115712K), 8 survivors (8192K)
 Metaspace       used 68153K, committed 70144K, reserved 393216K
  class space    used 9348K, committed 10304K, reserved 327680K
GC Heap History (20 events):
Event: 63,084 GC heap before
{Heap before GC invocations=50 (full 0):
 garbage-first heap   total reserved 524288K, committed 279552K, used 255818K [0x00000000e0000000, 0x0000000100000000)
  region size 1024K, 122 young (124928K), 7 survivors (7168K)
 Metaspace       used 67907K, committed 69888K, reserved 393216K
  class space    used 9342K, committed 10304K, reserved 327680K
}
Event: 63,092 GC heap after
{Heap after GC invocations=51 (full 0):
 garbage-first heap   total reserved 524288K, committed 279552K, used 137539K [0x00000000e0000000, 0x0000000100000000)
  region size 1024K, 7 young (7168K), 7 survivors (7168K)
 Metaspace       used 67907K, committed 69888K, reserved 393216K
  class space    used 9342K, committed 10304K, reserved 327680K
}
Event: 63,504 GC heap before
{Heap before GC invocations=51 (full 0):
 garbage-first heap   total reserved 524288K, committed 279552K, used 257347K [0x00000000e0000000, 0x0000000100000000)
  region size 1024K, 123 young (125952K), 7 survivors (7168K)
 Metaspace       used 67938K, committed 69888K, reserved 393216K
  class space    used 9346K, committed 10304K, reserved 327680K
}
Event: 63,512 GC heap after
{Heap after GC invocations=52 (full 0):
 garbage-first heap   total reserved 524288K, committed 279552K, used 131922K [0x00000000e0000000, 0x0000000100000000)
  region size 1024K, 5 young (5120K), 5 survivors (5120K)
 Metaspace       used 67938K, committed 69888K, reserved 393216K
  class space    used 9346K, committed 10304K, reserved 327680K
}
Event: 64,150 GC heap before
{Heap before GC invocations=52 (full 0):
 garbage-first heap   total reserved 524288K, committed 279552K, used 257874K [0x00000000e0000000, 0x0000000100000000)
  region size 1024K, 129 young (132096K), 5 survivors (5120K)
 Metaspace       used 67979K, committed 70016K, reserved 393216K
  class space    used 9346K, committed 10304K, reserved 327680K
}
Event: 64,158 GC heap after
{Heap after GC invocations=53 (full 0):
 garbage-first heap   total reserved 524288K, committed 279552K, used 131386K [0x00000000e0000000, 0x0000000100000000)
  region size 1024K, 5 young (5120K), 5 survivors (5120K)
 Metaspace       used 67979K, committed 70016K, reserved 393216K
  class space    used 9346K, committed 10304K, reserved 327680K
}
Event: 64,853 GC heap before
{Heap before GC invocations=54 (full 0):
 garbage-first heap   total reserved 524288K, committed 279552K, used 258362K [0x00000000e0000000, 0x0000000100000000)
  region size 1024K, 129 young (132096K), 5 survivors (5120K)
 Metaspace       used 67996K, committed 70016K, reserved 393216K
  class space    used 9346K, committed 10304K, reserved 327680K
}
Event: 64,865 GC heap after
{Heap after GC invocations=55 (full 0):
 garbage-first heap   total reserved 524288K, committed 279552K, used 132946K [0x00000000e0000000, 0x0000000100000000)
  region size 1024K, 6 young (6144K), 6 survivors (6144K)
 Metaspace       used 67996K, committed 70016K, reserved 393216K
  class space    used 9346K, committed 10304K, reserved 327680K
}
Event: 65,098 GC heap before
{Heap before GC invocations=55 (full 0):
 garbage-first heap   total reserved 524288K, committed 279552K, used 260946K [0x00000000e0000000, 0x0000000100000000)
  region size 1024K, 128 young (131072K), 6 survivors (6144K)
 Metaspace       used 67997K, committed 70016K, reserved 393216K
  class space    used 9346K, committed 10304K, reserved 327680K
}
Event: 65,111 GC heap after
{Heap after GC invocations=56 (full 0):
 garbage-first heap   total reserved 524288K, committed 279552K, used 131781K [0x00000000e0000000, 0x0000000100000000)
  region size 1024K, 7 young (7168K), 7 survivors (7168K)
 Metaspace       used 67997K, committed 70016K, reserved 393216K
  class space    used 9346K, committed 10304K, reserved 327680K
}
Event: 65,149 GC heap before
{Heap before GC invocations=56 (full 0):
 garbage-first heap   total reserved 524288K, committed 279552K, used 155333K [0x00000000e0000000, 0x0000000100000000)
  region size 1024K, 32 young (32768K), 7 survivors (7168K)
 Metaspace       used 67997K, committed 70016K, reserved 393216K
  class space    used 9346K, committed 10304K, reserved 327680K
}
Event: 65,157 GC heap after
{Heap after GC invocations=57 (full 0):
 garbage-first heap   total reserved 524288K, committed 279552K, used 133788K [0x00000000e0000000, 0x0000000100000000)
  region size 1024K, 9 young (9216K), 9 survivors (9216K)
 Metaspace       used 67997K, committed 70016K, reserved 393216K
  class space    used 9346K, committed 10304K, reserved 327680K
}
Event: 65,386 GC heap before
{Heap before GC invocations=57 (full 0):
 garbage-first heap   total reserved 524288K, committed 279552K, used 254620K [0x00000000e0000000, 0x0000000100000000)
  region size 1024K, 126 young (129024K), 9 survivors (9216K)
 Metaspace       used 67997K, committed 70016K, reserved 393216K
  class space    used 9346K, committed 10304K, reserved 327680K
}
Event: 65,402 GC heap after
{Heap after GC invocations=58 (full 0):
 garbage-first heap   total reserved 524288K, committed 289792K, used 133788K [0x00000000e0000000, 0x0000000100000000)
  region size 1024K, 6 young (6144K), 6 survivors (6144K)
 Metaspace       used 67997K, committed 70016K, reserved 393216K
  class space    used 9346K, committed 10304K, reserved 327680K
}
Event: 65,738 GC heap before
{Heap before GC invocations=59 (full 0):
 garbage-first heap   total reserved 524288K, committed 289792K, used 266908K [0x00000000e0000000, 0x0000000100000000)
  region size 1024K, 137 young (140288K), 6 survivors (6144K)
 Metaspace       used 68006K, committed 70016K, reserved 393216K
  class space    used 9348K, committed 10304K, reserved 327680K
}
Event: 65,747 GC heap after
{Heap after GC invocations=60 (full 0):
 garbage-first heap   total reserved 524288K, committed 289792K, used 134023K [0x00000000e0000000, 0x0000000100000000)
  region size 1024K, 6 young (6144K), 6 survivors (6144K)
 Metaspace       used 68006K, committed 70016K, reserved 393216K
  class space    used 9348K, committed 10304K, reserved 327680K
}
Event: 65,954 GC heap before
{Heap before GC invocations=60 (full 0):
 garbage-first heap   total reserved 524288K, committed 289792K, used 267143K [0x00000000e0000000, 0x0000000100000000)
  region size 1024K, 137 young (140288K), 6 survivors (6144K)
 Metaspace       used 68006K, committed 70016K, reserved 393216K
  class space    used 9348K, committed 10304K, reserved 327680K
}
Event: 65,965 GC heap after
{Heap after GC invocations=61 (full 0):
 garbage-first heap   total reserved 524288K, committed 289792K, used 133008K [0x00000000e0000000, 0x0000000100000000)
  region size 1024K, 7 young (7168K), 7 survivors (7168K)
 Metaspace       used 68006K, committed 70016K, reserved 393216K
  class space    used 9348K, committed 10304K, reserved 327680K
}
Event: 66,247 GC heap before
{Heap before GC invocations=61 (full 0):
 garbage-first heap   total reserved 524288K, committed 289792K, used 266128K [0x00000000e0000000, 0x0000000100000000)
  region size 1024K, 137 young (140288K), 7 survivors (7168K)
 Metaspace       used 68006K, committed 70016K, reserved 393216K
  class space    used 9348K, committed 10304K, reserved 327680K
}
Event: 66,263 GC heap after
{Heap after GC invocations=62 (full 0):
 garbage-first heap   total reserved 524288K, committed 289792K, used 133595K [0x00000000e0000000, 0x0000000100000000)
  region size 1024K, 8 young (8192K), 8 survivors (8192K)
 Metaspace       used 68006K, committed 70016K, reserved 393216K
  class space    used 9348K, committed 10304K, reserved 327680K
}

